TN:
SF:src/Carta.ts
FN:19,(anonymous_0)
FN:29,(anonymous_1)
FN:36,(anonymous_2)
FN:43,(anonymous_3)
FN:50,(anonymous_4)
FN:59,(anonymous_5)
FN:60,(anonymous_6)
FN:74,(anonymous_7)
FN:75,(anonymous_8)
FN:87,(anonymous_9)
FN:88,(anonymous_10)
FN:92,(anonymous_11)
FN:100,(anonymous_12)
FN:105,(anonymous_13)
FN:110,(anonymous_14)
FN:122,(anonymous_15)
FN:130,(anonymous_16)
FN:138,(anonymous_17)
FN:139,(anonymous_18)
FN:152,(anonymous_19)
FN:153,(anonymous_20)
FNF:21
FNH:16
FNDA:6,(anonymous_0)
FNDA:0,(anonymous_1)
FNDA:2,(anonymous_2)
FNDA:2,(anonymous_3)
FNDA:0,(anonymous_4)
FNDA:1,(anonymous_5)
FNDA:6,(anonymous_6)
FNDA:1,(anonymous_7)
FNDA:12,(anonymous_8)
FNDA:6,(anonymous_9)
FNDA:120,(anonymous_10)
FNDA:30,(anonymous_11)
FNDA:0,(anonymous_12)
FNDA:0,(anonymous_13)
FNDA:0,(anonymous_14)
FNDA:33,(anonymous_15)
FNDA:124,(anonymous_16)
FNDA:1,(anonymous_17)
FNDA:6,(anonymous_18)
FNDA:1,(anonymous_19)
FNDA:12,(anonymous_20)
DA:6,1
DA:8,1
DA:20,6
DA:21,6
DA:22,6
DA:23,6
DA:30,0
DA:37,2
DA:44,2
DA:51,0
DA:60,6
DA:61,1
DA:62,1
DA:65,0
DA:75,12
DA:76,1
DA:77,1
DA:80,0
DA:88,6
DA:89,120
DA:92,6
DA:93,30
DA:101,0
DA:105,0
DA:106,0
DA:110,0
DA:111,0
DA:115,0
DA:123,33
DA:131,124
DA:139,6
DA:140,1
DA:141,1
DA:144,0
DA:153,12
DA:154,1
DA:155,1
DA:158,0
LF:38
LH:26
BRDA:19,0,0,6
BRDA:19,1,0,6
BRDA:19,2,0,6
BRDA:61,3,0,1
BRDA:61,3,1,0
BRDA:76,4,0,1
BRDA:76,4,1,0
BRDA:140,5,0,1
BRDA:140,5,1,0
BRDA:154,6,0,1
BRDA:154,6,1,0
BRF:11
BRH:7
end_of_record
TN:
SF:src/Command.ts
FN:17,(anonymous_0)
FN:26,(anonymous_1)
FN:33,(anonymous_2)
FN:40,(anonymous_3)
FN:47,(anonymous_4)
FN:48,(anonymous_5)
FN:49,(anonymous_6)
FN:60,(anonymous_7)
FN:64,(anonymous_8)
FN:67,(anonymous_9)
FN:76,(anonymous_10)
FN:102,(anonymous_11)
FN:110,(anonymous_12)
FN:118,(anonymous_13)
FN:119,(anonymous_14)
FN:132,(anonymous_15)
FN:133,(anonymous_16)
FN:147,(anonymous_17)
FN:148,(anonymous_18)
FN:162,(anonymous_19)
FN:163,(anonymous_20)
FNF:21
FNH:14
FNDA:9,(anonymous_0)
FNDA:1,(anonymous_1)
FNDA:3,(anonymous_2)
FNDA:3,(anonymous_3)
FNDA:0,(anonymous_4)
FNDA:0,(anonymous_5)
FNDA:0,(anonymous_6)
FNDA:0,(anonymous_7)
FNDA:0,(anonymous_8)
FNDA:0,(anonymous_9)
FNDA:0,(anonymous_10)
FNDA:4,(anonymous_11)
FNDA:4,(anonymous_12)
FNDA:1,(anonymous_13)
FNDA:1,(anonymous_14)
FNDA:1,(anonymous_15)
FNDA:1,(anonymous_16)
FNDA:1,(anonymous_17)
FNDA:1,(anonymous_18)
FNDA:1,(anonymous_19)
FNDA:1,(anonymous_20)
DA:4,1
DA:18,9
DA:19,9
DA:20,9
DA:27,1
DA:34,3
DA:41,3
DA:48,0
DA:49,0
DA:50,0
DA:52,0
DA:61,0
DA:63,0
DA:64,0
DA:65,0
DA:66,0
DA:67,0
DA:68,0
DA:73,0
DA:75,0
DA:76,0
DA:77,0
DA:94,0
DA:95,0
DA:103,4
DA:111,4
DA:119,1
DA:120,1
DA:121,1
DA:124,0
DA:133,1
DA:134,1
DA:135,1
DA:138,0
DA:148,1
DA:149,1
DA:150,1
DA:153,0
DA:163,1
DA:164,1
DA:165,1
DA:168,0
LF:42
LH:21
BRDA:17,0,0,0
BRDA:63,1,0,0
BRDA:63,1,1,0
BRDA:75,2,0,0
BRDA:75,2,1,0
BRDA:120,3,0,1
BRDA:120,3,1,0
BRDA:134,4,0,1
BRDA:134,4,1,0
BRDA:149,5,0,1
BRDA:149,5,1,0
BRDA:164,6,0,1
BRDA:164,6,1,0
BRF:13
BRH:4
end_of_record
TN:
SF:src/Dish.ts
FN:21,(anonymous_0)
FN:34,(anonymous_1)
FN:35,(anonymous_2)
FN:44,(anonymous_3)
FN:46,(anonymous_4)
FN:57,(anonymous_5)
FN:64,(anonymous_6)
FN:71,(anonymous_7)
FN:78,(anonymous_8)
FN:85,(anonymous_9)
FN:92,(anonymous_10)
FN:99,(anonymous_11)
FN:106,(anonymous_12)
FNF:13
FNH:13
FNDA:29,(anonymous_0)
FNDA:29,(anonymous_1)
FNDA:118,(anonymous_2)
FNDA:4,(anonymous_3)
FNDA:8,(anonymous_4)
FNDA:43,(anonymous_5)
FNDA:1,(anonymous_6)
FNDA:1,(anonymous_7)
FNDA:2,(anonymous_8)
FNDA:3,(anonymous_9)
FNDA:1,(anonymous_10)
FNDA:1,(anonymous_11)
FNDA:1,(anonymous_12)
DA:7,1
DA:22,29
DA:23,29
DA:24,29
DA:25,29
DA:26,29
DA:35,29
DA:36,118
DA:45,4
DA:46,4
DA:47,8
DA:48,8
DA:49,8
DA:51,4
DA:58,43
DA:65,1
DA:72,1
DA:79,2
DA:86,3
DA:93,1
DA:100,1
DA:107,1
LF:22
LH:22
BRDA:21,0,0,0
BRDA:99,1,0,0
BRF:2
BRH:0
end_of_record
TN:
SF:src/Ingredient.ts
FN:19,(anonymous_0)
FN:30,(anonymous_1)
FN:37,(anonymous_2)
FN:44,(anonymous_3)
FN:51,(anonymous_4)
FN:58,(anonymous_5)
FN:66,(anonymous_6)
FN:74,(anonymous_7)
FN:82,(anonymous_8)
FN:89,(anonymous_9)
FNF:10
FNH:9
FNDA:74,(anonymous_0)
FNDA:1,(anonymous_1)
FNDA:1,(anonymous_2)
FNDA:3,(anonymous_3)
FNDA:24,(anonymous_4)
FNDA:119,(anonymous_5)
FNDA:2,(anonymous_6)
FNDA:1,(anonymous_7)
FNDA:1,(anonymous_8)
FNDA:0,(anonymous_9)
DA:3,1
DA:20,74
DA:21,74
DA:22,74
DA:23,74
DA:24,74
DA:31,1
DA:38,1
DA:45,3
DA:52,24
DA:59,119
DA:67,2
DA:75,1
DA:83,1
DA:90,0
LF:15
LH:14
BRF:0
BRH:0
end_of_record
TN:
SF:src/Menu.ts
FN:17,(anonymous_0)
FN:27,(anonymous_1)
FN:34,(anonymous_2)
FN:41,(anonymous_3)
FN:49,(anonymous_4)
FN:58,(anonymous_5)
FN:59,(anonymous_6)
FN:70,(anonymous_7)
FN:78,(anonymous_8)
FN:85,(anonymous_9)
FN:103,(anonymous_10)
FN:105,(anonymous_11)
FN:117,(anonymous_12)
FN:119,(anonymous_13)
FN:120,(anonymous_14)
FN:133,(anonymous_15)
FN:141,(anonymous_16)
FN:142,(anonymous_17)
FN:156,(anonymous_18)
FN:157,(anonymous_19)
FNF:20
FNH:19
FNDA:11,(anonymous_0)
FNDA:22,(anonymous_1)
FNDA:1,(anonymous_2)
FNDA:2,(anonymous_3)
FNDA:2,(anonymous_4)
FNDA:11,(anonymous_5)
FNDA:26,(anonymous_6)
FNDA:1,(anonymous_7)
FNDA:1,(anonymous_8)
FNDA:0,(anonymous_9)
FNDA:1,(anonymous_10)
FNDA:1,(anonymous_11)
FNDA:1,(anonymous_12)
FNDA:1,(anonymous_13)
FNDA:2,(anonymous_14)
FNDA:4,(anonymous_15)
FNDA:1,(anonymous_16)
FNDA:1,(anonymous_17)
FNDA:1,(anonymous_18)
FNDA:1,(anonymous_19)
DA:5,1
DA:18,11
DA:19,11
DA:20,11
DA:21,11
DA:28,22
DA:35,1
DA:42,2
DA:50,2
DA:59,11
DA:60,26
DA:71,1
DA:79,1
DA:86,0
DA:87,0
DA:88,0
DA:89,0
DA:90,0
DA:91,0
DA:92,0
DA:93,0
DA:94,0
DA:104,1
DA:105,1
DA:106,1
DA:107,1
DA:108,1
DA:110,1
DA:118,1
DA:119,1
DA:120,1
DA:121,2
DA:122,2
DA:126,1
DA:134,4
DA:142,1
DA:143,1
DA:144,1
DA:147,0
DA:157,1
DA:158,1
DA:159,1
DA:162,0
LF:43
LH:32
BRDA:17,0,0,3
BRDA:17,1,0,3
BRDA:17,2,0,3
BRDA:78,3,0,0
BRDA:122,4,0,2
BRDA:122,4,1,0
BRDA:143,5,0,1
BRDA:143,5,1,0
BRDA:158,6,0,1
BRDA:158,6,1,0
BRF:10
BRH:6
end_of_record
TN:
SF:src/data.ts
FNF:0
FNH:0
DA:1,1
DA:2,1
DA:3,1
DA:9,1
DA:10,1
DA:11,1
DA:12,1
DA:13,1
DA:14,1
DA:15,1
DA:16,1
DA:17,1
DA:18,1
DA:19,1
DA:20,1
DA:21,1
DA:22,1
DA:23,1
DA:24,1
DA:25,1
DA:26,1
DA:27,1
DA:28,1
DA:29,1
DA:30,1
DA:31,1
DA:32,1
DA:33,1
DA:34,1
DA:35,1
DA:36,1
DA:37,1
DA:38,1
DA:39,1
DA:40,1
DA:41,1
DA:42,1
DA:43,1
DA:44,1
DA:45,1
DA:46,1
DA:47,1
DA:48,1
DA:49,1
DA:50,1
DA:51,1
DA:52,1
DA:53,1
DA:54,1
DA:55,1
DA:56,1
DA:57,1
DA:58,1
DA:59,1
DA:60,1
DA:61,1
DA:62,1
DA:65,1
DA:69,1
DA:70,1
DA:71,1
DA:72,1
DA:73,1
DA:75,1
DA:76,1
DA:77,1
DA:78,1
DA:79,1
DA:81,1
DA:82,1
DA:83,1
DA:84,1
DA:85,1
DA:87,1
DA:88,1
DA:89,1
DA:90,1
DA:91,1
DA:94,1
DA:98,1
DA:99,1
DA:100,1
DA:101,1
DA:102,1
DA:105,1
LF:85
LH:85
BRF:0
BRH:0
end_of_record
